index 1
U 6 13 1
#############
#############
#############
#############
#############
#############

index 1
U 7 19 1
###################
###################
###################
###################
###################
###################
###################

index 1
U 8 2 1
##
##
##
##
##
##
##
##

index 1
U 11 1 1
#
#
#
#
#
#
#
#
#
#
#

index 1
U 18 20 1
####################
####################
####################
####################
####################
####################
####################
####################
####################
####################
####################
####################
####################
####################
####################
####################
####################
####################

index 1
U 18 5 1
#####
#####
#####
#####
#####
#####
#####
#####
#####
#####
#####
#####
#####
#####
#####
#####
#####
#####

index 1
U 20 15 1
###############
###############
###############
###############
###############
###############
###############
###############
###############
###############
###############
###############
###############
###############
###############
###############
###############
###############
###############
###############

index 2
U 14 14 2
##############
##############
##############
##############
##############
##############
##############
##############
##############
##############
##############
##############
##############
##############

index 2
U 17 5 2
#####
#####
#####
#####
#####
#####
#####
#####
#####
#####
#####
#####
#####
#####
#####
#####
#####

index 3
U 1 7 3
#######

index 3
U 3 12 3
############
############
############

index 3
U 12 18 3
##################
##################
##################
##################
##################
##################
##################
##################
##################
##################
##################
##################

index 3
U 17 16 3
################
################
################
################
################
################
################
################
################
################
################
################
################
################
################
################
################

index 3
U 17 6 3
######
######
######
######
######
######
######
######
######
######
######
######
######
######
######
######
######

index 3
U 17 7 3
#######
#######
#######
#######
#######
#######
#######
#######
#######
#######
#######
#######
#######
#######
#######
#######
#######

index 3
U 18 2 3
##
##
##
##
##
##
##
##
##
##
##
##
##
##
##
##
##
##

index 4
U 1 19 4
###################

index 4
U 6 12 4
############
############
############
############
############
############

index 4
U 6 19 4
###################
###################
###################
###################
###################
###################

index 4
U 7 15 4
###############
###############
###############
###############
###############
###############
###############

index 4
U 8 15 4
###############
###############
###############
###############
###############
###############
###############
###############

index 4
U 16 12 4
############
############
############
############
############
############
############
############
############
############
############
############
############
############
############
############

index 4
U 19 20 4
####################
####################
####################
####################
####################
####################
####################
####################
####################
####################
####################
####################
####################
####################
####################
####################
####################
####################
####################

index 5
U 4 16 5
################
################
################
################

index 5
U 9 1 5
#
#
#
#
#
#
#
#
#

index 5
U 9 18 5
##################
##################
##################
##################
##################
##################
##################
##################
##################

index 5
U 15 18 5
##################
##################
##################
##################
##################
##################
##################
##################
##################
##################
##################
##################
##################
##################
##################

index 5
U 16 9 5
#########
#########
#########
#########
#########
#########
#########
#########
#########
#########
#########
#########
#########
#########
#########
#########

index 6
U 6 15 6
###############
###############
###############
###############
###############
###############

index 6
U 6 10 6
##########
##########
##########
##########
##########
##########

index 6
U 8 16 6
################
################
################
################
################
################
################
################

index 6
U 8 15 6
###############
###############
###############
###############
###############
###############
###############
###############

index 6
U 18 18 6
##################
##################
##################
##################
##################
##################
##################
##################
##################
##################
##################
##################
##################
##################
##################
##################
##################
##################

index 6
U 20 15 6
###############
###############
###############
###############
###############
###############
###############
###############
###############
###############
###############
###############
###############
###############
###############
###############
###############
###############
###############
###############

index 7
U 2 17 7
#################
#################

index 8
U 6 15 8
###############
###############
###############
###############
###############
###############

index 8
U 13 20 8
####################
####################
####################
####################
####################
####################
####################
####################
####################
####################
####################
####################
####################

index 8
U 13 13 8
#############
#############
#############
#############
#############
#############
#############
#############
#############
#############
#############
#############
#############

index 9
U 3 1 9
#
#
#

index 9
U 4 7 9
#######
#######
#######
#######

index 9
U 15 9 9
#########
#########
#########
#########
#########
#########
#########
#########
#########
#########
#########
#########
#########
#########
#########

index 10
U 7 13 10
#############
#############
#############
#############
#############
#############
#############

index 10
U 14 7 10
#######
#######
#######
#######
#######
#######
#######
#######
#######
#######
#######
#######
#######
#######

index 10
U 15 3 10
###
###
###
###
###
###
###
###
###
###
###
###
###
###
###

index 11
U 3 2 11
##
##
##

index 11
U 13 19 11
###################
###################
###################
###################
###################
###################
###################
###################
###################
###################
###################
###################
###################

index 11
U 13 8 11
########
########
########
########
########
########
########
########
########
########
########
########
########

index 11
U 20 6 11
######
######
######
######
######
######
######
######
######
######
######
######
######
######
######
######
######
######
######
######

index 12
U 6 16 12
################
################
################
################
################
################

index 12
U 10 10 12
##########
##########
##########
##########
##########
##########
##########
##########
##########
##########

index 12
U 15 18 12
##################
##################
##################
##################
##################
##################
##################
##################
##################
##################
##################
##################
##################
##################
##################

index 12
U 16 16 12
################
################
################
################
################
################
################
################
################
################
################
################
################
################
################
################

index 12
U 18 2 12
##
##
##
##
##
##
##
##
##
##
##
##
##
##
##
##
##
##

index 12
U 19 6 12
######
######
######
######
######
######
######
######
######
######
######
######
######
######
######
######
######
######
######

index 13
U 3 11 13
###########
###########
###########

index 13
U 8 15 13
###############
###############
###############
###############
###############
###############
###############
###############

index 13
U 8 9 13
#########
#########
#########
#########
#########
#########
#########
#########

index 14
U 1 14 14
##############

index 14
U 3 1 14
#
#
#

index 14
U 3 4 14
####
####
####

index 14
U 6 14 14
##############
##############
##############
##############
##############
##############

index 14
U 10 2 14
##
##
##
##
##
##
##
##
##
##

index 14
U 14 3 14
###
###
###
###
###
###
###
###
###
###
###
###
###
###

index 14
U 16 7 14
#######
#######
#######
#######
#######
#######
#######
#######
#######
#######
#######
#######
#######
#######
#######
#######

index 15
U 7 8 15
########
########
########
########
########
########
########

index 15
U 17 7 15
#######
#######
#######
#######
#######
#######
#######
#######
#######
#######
#######
#######
#######
#######
#######
#######
#######

index 15
U 18 15 15
###############
###############
###############
###############
###############
###############
###############
###############
###############
###############
###############
###############
###############
###############
###############
###############
###############
###############

index 16
U 4 11 16
###########
###########
###########
###########

index 16
U 9 13 16
#############
#############
#############
#############
#############
#############
#############
#############
#############

index 16
U 9 6 16
######
######
######
######
######
######
######
######
######

index 16
U 9 19 16
###################
###################
###################
###################
###################
###################
###################
###################
###################

index 16
U 14 13 16
#############
#############
#############
#############
#############
#############
#############
#############
#############
#############
#############
#############
#############
#############

index 16
U 15 4 16
####
####
####
####
####
####
####
####
####
####
####
####
####
####
####

index 16
U 15 5 16
#####
#####
#####
#####
#####
#####
#####
#####
#####
#####
#####
#####
#####
#####
#####

index 17
U 1 2 17
##

index 17
U 3 17 17
#################
#################
#################

index 17
U 4 20 17
####################
####################
####################
####################

index 17
U 9 16 17
################
################
################
################
################
################
################
################
################

index 17
U 16 14 17
##############
##############
##############
##############
##############
##############
##############
##############
##############
##############
##############
##############
##############
##############
##############
##############

index 17
U 17 6 17
######
######
######
######
######
######
######
######
######
######
######
######
######
######
######
######
######

index 17
U 19 2 17
##
##
##
##
##
##
##
##
##
##
##
##
##
##
##
##
##
##
##

index 17
U 20 4 17
####
####
####
####
####
####
####
####
####
####
####
####
####
####
####
####
####
####
####
####

index 18
U 3 19 18
###################
###################
###################

index 18
U 4 17 18
#################
#################
#################
#################

index 18
U 4 20 18
####################
####################
####################
####################

index 18
U 7 16 18
################
################
################
################
################
################
################

index 18
U 9 1 18
#
#
#
#
#
#
#
#
#

index 18
U 9 15 18
###############
###############
###############
###############
###############
###############
###############
###############
###############

index 18
U 16 19 18
###################
###################
###################
###################
###################
###################
###################
###################
###################
###################
###################
###################
###################
###################
###################
###################

index 19
U 1 14 19
##############

index 19
U 7 5 19
#####
#####
#####
#####
#####
#####
#####

index 19
U 9 14 19
##############
##############
##############
##############
##############
##############
##############
##############
##############

index 19
U 14 5 19
#####
#####
#####
#####
#####
#####
#####
#####
#####
#####
#####
#####
#####
#####

index 19
U 15 13 19
#############
#############
#############
#############
#############
#############
#############
#############
#############
#############
#############
#############
#############
#############
#############

index 19
U 16 9 19
#########
#########
#########
#########
#########
#########
#########
#########
#########
#########
#########
#########
#########
#########
#########
#########

index 20
U 6 14 20
##############
##############
##############
##############
##############
##############

index 20
U 6 5 20
#####
#####
#####
#####
#####
#####

index 20
U 17 17 20
#################
#################
#################
#################
#################
#################
#################
#################
#################
#################
#################
#################
#################
#################
#################
#################
#################

index 20
U 17 2 20
##
##
##
##
##
##
##
##
##
##
##
##
##
##
##
##
##

index 20
U 19 18 20
##################
##################
##################
##################
##################
##################
##################
##################
##################
##################
##################
##################
##################
##################
##################
##################
##################
##################
##################


